2010-02-09 15:57:48 Notice: Notice (1024): Please change the value of 'Security.salt' in app/config/core.php to a salt value specific to your application in [CORE/cake/libs/debugger.php, line 549]
2010-02-10 15:21:08 Notice: Notice (8): Undefined property: EventsController::$Sesssion in [APP/controllers/events_controller.php, line 14]
2010-02-15 13:05:01 Notice: Notice (8): Undefined index:  geo_lon in [APP/views/locations/view.ctp, line 13]
2010-02-15 13:30:56 Notice: Notice (8): Undefined property: EventsController::$Location in [APP/controllers/events_controller.php, line 18]
2010-02-15 14:00:32 Notice: Notice (8): Undefined property: Event::$Location in [APP/controllers/events_controller.php, line 18]
2010-02-15 14:01:50 Notice: Notice (8): Undefined variable: locations in [APP/views/events/add.ctp, line 6]
2010-02-15 14:05:13 Notice: Notice (8): Undefined variable: locations in [APP/views/events/add.ctp, line 6]
2010-02-15 14:06:35 Notice: Notice (8): Undefined property: Event::$Location in [APP/controllers/events_controller.php, line 18]
2010-02-15 14:07:20 Notice: Notice (8): Undefined variable: locations in [APP/views/events/add.ctp, line 6]
2010-02-15 14:08:05 Notice: Notice (8): Undefined variable: his in [APP/controllers/events_controller.php, line 18]
2010-02-15 14:17:34 Notice: Notice (8): Undefined index:  location in [APP/views/events/view.ctp, line 6]
2010-02-15 14:17:47 Notice: Notice (8): Undefined index:  location in [APP/views/events/view.ctp, line 6]
2010-02-15 14:18:02 Notice: Notice (8): Undefined index:  Location in [APP/views/events/view.ctp, line 6]
2010-02-15 14:26:30 Notice: Notice (8): Undefined index:  password1 in [APP/controllers/events_controller.php, line 13]
2010-02-15 14:26:30 Notice: Notice (8): Undefined index:  password2 in [APP/controllers/events_controller.php, line 13]
2010-02-15 14:30:05 Notice: Notice (8): Undefined index:  location in [APP/views/events/view.ctp, line 6]
2010-02-15 14:30:28 Notice: Notice (8): Undefined index:  Location in [APP/views/events/view.ctp, line 6]
2010-02-15 17:02:38 Notice: Notice (8): Undefined variable: unix_timestamp in [APP/views/events/add.ctp, line 8]
2010-02-15 17:02:38 Notice: Notice (8): Undefined variable: max_year in [APP/views/events/add.ctp, line 8]
2010-02-15 17:03:11 Notice: Notice (8): Undefined variable: unix_timestamp in [APP/views/events/add.ctp, line 8]
2010-02-15 17:03:11 Notice: Notice (8): Undefined variable: max_year in [APP/views/events/add.ctp, line 8]
2010-02-25 15:15:50 Notice: Notice (8): Undefined property: EventsController::$Recipe in [APP/controllers/events_controller.php, line 14]
2010-02-25 15:16:13 Notice: Notice (8): Undefined variable: locations in [APP/views/events/edit.ctp, line 7]
2010-02-25 15:16:13 Notice: Notice (8): Undefined variable: locations in [APP/views/events/edit.ctp, line 7]
2010-02-25 15:18:10 Notice: Notice (8): Undefined index:  password_hash in [APP/controllers/events_controller.php, line 26]
2010-02-25 15:18:55 Notice: Notice (8): Undefined index:  password_hash in [APP/controllers/events_controller.php, line 26]
2010-02-26 14:34:54 Notice: Notice (8): Undefined variable: events in [APP/controllers/events_controller.php, line 7]
